{"/Users/haraldbregu/Documents/9Spartans/apps/sport-dashboard/src/setupTests.ts": {"path":"/Users/haraldbregu/Documents/9Spartans/apps/sport-dashboard/src/setupTests.ts","statementMap":{"0":{"start":{"line":3,"column":0},"end":{"line":3,"column":35}}},"fnMap":{},"branchMap":{},"s":{"0":0},"f":{},"b":{}}
,"/Users/haraldbregu/Documents/9Spartans/apps/sport-dashboard/src/vite-env.d.ts": {"path":"/Users/haraldbregu/Documents/9Spartans/apps/sport-dashboard/src/vite-env.d.ts","statementMap":{},"fnMap":{},"branchMap":{},"s":{},"f":{},"b":{}}
,"/Users/haraldbregu/Documents/9Spartans/apps/sport-dashboard/src/lib/utils.ts": {"path":"/Users/haraldbregu/Documents/9Spartans/apps/sport-dashboard/src/lib/utils.ts","statementMap":{"0":{"start":{"line":4,"column":0},"end":{"line":4,"column":16}},"1":{"start":{"line":1,"column":0},"end":{"line":1,"column":44}},"2":{"start":{"line":2,"column":0},"end":{"line":2,"column":40}},"3":{"start":{"line":5,"column":2},"end":{"line":5,"column":null}}},"fnMap":{"0":{"name":"cn","decl":{"start":{"line":4,"column":16},"end":{"line":4,"column":18}},"loc":{"start":{"line":4,"column":42},"end":{"line":6,"column":1}}}},"branchMap":{},"s":{"0":0,"1":0,"2":0,"3":0},"f":{"0":0},"b":{}}
}
